<?xml version="1.0" encoding="UTF-8"?>
<testsuite xmlns:xsi="http://www.w3.org/2001/XMLSchema-instance" xsi:noNamespaceSchemaLocation="https://maven.apache.org/surefire/maven-surefire-plugin/xsd/surefire-test-report-3.0.xsd" version="3.0" name="com.fixhub.user.service.UserServiceTest" time="5.946" tests="4" errors="0" skipped="0" failures="0">
  <properties>
[...]
</properties>
  <testcase name="registerCreatesUserAndHashesPassword" classname="com.fixhub.user.service.UserServiceTest" time="0.733">
    <system-out><![CDATA[16:40:43.881 [main] INFO org.springframework.test.context.support.AnnotationConfigContextLoaderUtils -- Could not detect default configuration classes for test class [com.fixhub.user.service.UserServiceTest]: UserServiceTest does not declare any static, non-private, non-final, nested classes annotated with @Configuration.
16:40:44.012 [main] INFO org.springframework.boot.test.context.SpringBootTestContextBootstrapper -- Found @SpringBootConfiguration com.fixhub.FixHubApplication for test class com.fixhub.user.service.UserServiceTest

  .   ____          _            __ _ _
 /\\ / ___'_ __ _ _(_)_ __  __ _ \ \ \ \
( ( )\___ | '_ | '_| | '_ \/ _` | \ \ \ \
 \\/  ___)| |_)| | | | | || (_| |  ) ) ) )
  '  |____| .__|_| |_|_| |_\__, | / / / /
 =========|_|==============|___/=/_/_/_/
 :: Spring Boot ::                (v3.2.5)

2025-11-22T16:40:44.550+08:00  INFO 19912 --- [           main] c.fixhub.user.service.UserServiceTest    : Starting UserServiceTest using Java 17.0.11 with PID 19912 (started by zero in D:\CodeLearn\fixHub\fixhub-backend)
2025-11-22T16:40:44.553+08:00  INFO 19912 --- [           main] c.fixhub.user.service.UserServiceTest    : The following 1 profile is active: "test"
2025-11-22T16:40:45.205+08:00  INFO 19912 --- [           main] .s.d.r.c.RepositoryConfigurationDelegate : Bootstrapping Spring Data JPA repositories in DEFAULT mode.
2025-11-22T16:40:45.268+08:00  INFO 19912 --- [           main] .s.d.r.c.RepositoryConfigurationDelegate : Finished Spring Data repository scanning in 51 ms. Found 4 JPA repository interfaces.
2025-11-22T16:40:45.727+08:00  INFO 19912 --- [           main] o.hibernate.jpa.internal.util.LogHelper  : HHH000204: Processing PersistenceUnitInfo [name: default]
2025-11-22T16:40:45.812+08:00  INFO 19912 --- [           main] org.hibernate.Version                    : HHH000412: Hibernate ORM core version 6.4.4.Final
2025-11-22T16:40:45.848+08:00  INFO 19912 --- [           main] o.h.c.internal.RegionFactoryInitiator    : HHH000026: Second-level cache disabled
2025-11-22T16:40:46.211+08:00  INFO 19912 --- [           main] o.s.o.j.p.SpringPersistenceUnitInfo      : No LoadTimeWeaver setup: ignoring JPA class transformer
2025-11-22T16:40:46.245+08:00  INFO 19912 --- [           main] com.zaxxer.hikari.HikariDataSource       : HikariPool-1 - Starting...
2025-11-22T16:40:46.497+08:00  INFO 19912 --- [           main] com.zaxxer.hikari.pool.HikariPool        : HikariPool-1 - Added connection conn0: url=jdbc:h2:mem:fixhub user=SA
2025-11-22T16:40:46.498+08:00  INFO 19912 --- [           main] com.zaxxer.hikari.HikariDataSource       : HikariPool-1 - Start completed.
2025-11-22T16:40:47.397+08:00  INFO 19912 --- [           main] o.h.e.t.j.p.i.JtaPlatformInitiator       : HHH000489: No JTA platform available (set 'hibernate.transaction.jta.platform' to enable JTA platform integration)
2025-11-22T16:40:47.413+08:00 DEBUG 19912 --- [           main] org.hibernate.SQL                        : 
    drop table if exists comments cascade 
2025-11-22T16:40:47.416+08:00 DEBUG 19912 --- [           main] org.hibernate.SQL                        : 
    drop table if exists devices cascade 
2025-11-22T16:40:47.416+08:00 DEBUG 19912 --- [           main] org.hibernate.SQL                        : 
    drop table if exists repair_orders cascade 
2025-11-22T16:40:47.417+08:00 DEBUG 19912 --- [           main] org.hibernate.SQL                        : 
    drop table if exists users cascade 
2025-11-22T16:40:47.424+08:00 DEBUG 19912 --- [           main] org.hibernate.SQL                        : 
    create table comments (
        rating integer not null,
        created_at timestamp(6) with time zone not null,
        id bigint generated by default as identity,
        order_id bigint not null unique,
        user_id bigint not null,
        content TEXT,
        primary key (id)
    )
2025-11-22T16:40:47.433+08:00 DEBUG 19912 --- [           main] org.hibernate.SQL                        : 
    create table devices (
        purchase_date date,
        created_at timestamp(6) with time zone not null,
        id bigint generated by default as identity,
        updated_at timestamp(6) with time zone,
        status varchar(20) check (status in ('NORMAL','BROKEN','SCRAPPED')),
        location varchar(100) not null,
        model varchar(100),
        name varchar(100) not null,
        description TEXT,
        primary key (id)
    )
2025-11-22T16:40:47.438+08:00 DEBUG 19912 --- [           main] org.hibernate.SQL                        : 
    create table repair_orders (
        assigned_at timestamp(6) with time zone,
        closed_at timestamp(6) with time zone,
        created_at timestamp(6) with time zone not null,
        device_id bigint,
        id bigint generated by default as identity,
        repaired_at timestamp(6) with time zone,
        reporter_id bigint not null,
        technician_id bigint,
        status varchar(20) not null check (status in ('PENDING','ASSIGNED','REPAIRED','CLOSED')),
        order_no varchar(32) not null unique,
        device_name varchar(100),
        location varchar(100) not null,
        description TEXT not null,
        image_url varchar(255),
        result_desc TEXT,
        primary key (id)
    )
2025-11-22T16:40:47.440+08:00 DEBUG 19912 --- [           main] org.hibernate.SQL                        : 
    create table users (
        created_at timestamp(6) with time zone not null,
        id bigint generated by default as identity,
        role varchar(20) not null check (role in ('REPORTER','TECHNICIAN','ADMIN')),
        username varchar(50) not null unique,
        display_name varchar(100),
        password_hash varchar(255) not null,
        primary key (id)
    )
2025-11-22T16:40:47.442+08:00 DEBUG 19912 --- [           main] org.hibernate.SQL                        : 
    alter table if exists comments 
       add constraint FKkx9nm7bu4mo0aqbo0motkrniw 
       foreign key (order_id) 
       references repair_orders
2025-11-22T16:40:47.452+08:00 DEBUG 19912 --- [           main] org.hibernate.SQL                        : 
    alter table if exists comments 
       add constraint FK8omq0tc18jd43bu5tjh6jvraq 
       foreign key (user_id) 
       references users
2025-11-22T16:40:47.453+08:00 DEBUG 19912 --- [           main] org.hibernate.SQL                        : 
    alter table if exists repair_orders 
       add constraint FKe9m7rqb6eieyj95ny3hcy58c9 
       foreign key (device_id) 
       references devices
2025-11-22T16:40:47.454+08:00 DEBUG 19912 --- [           main] org.hibernate.SQL                        : 
    alter table if exists repair_orders 
       add constraint FK7h86xqrn3gfs52it4tjbgefw6 
       foreign key (reporter_id) 
       references users
2025-11-22T16:40:47.455+08:00 DEBUG 19912 --- [           main] org.hibernate.SQL                        : 
    alter table if exists repair_orders 
       add constraint FKp8qu06v3xf0ohuew8tgdq9ge2 
       foreign key (technician_id) 
       references users
2025-11-22T16:40:47.460+08:00  INFO 19912 --- [           main] j.LocalContainerEntityManagerFactoryBean : Initialized JPA EntityManagerFactory for persistence unit 'default'
2025-11-22T16:40:48.546+08:00  INFO 19912 --- [           main] c.fixhub.user.service.UserServiceTest    : Started UserServiceTest in 4.358 seconds (process running for 5.251)
2025-11-22T16:40:49.104+08:00 DEBUG 19912 --- [           main] org.hibernate.SQL                        : 
    select
        u1_0.id 
    from
        users u1_0 
    where
        upper(u1_0.username)=upper(?) 
    fetch
        first ? rows only
2025-11-22T16:40:49.217+08:00 DEBUG 19912 --- [           main] org.hibernate.SQL                        : 
    insert 
    into
        users
        (created_at, display_name, password_hash, role, username, id) 
    values
        (?, ?, ?, ?, ?, default)
]]></system-out>
  </testcase>
  <testcase name="loginWithInvalidPasswordThrowsException" classname="com.fixhub.user.service.UserServiceTest" time="0.149">
    <system-out><![CDATA[2025-11-22T16:40:49.309+08:00 DEBUG 19912 --- [           main] org.hibernate.SQL                        : 
    select
        u1_0.id 
    from
        users u1_0 
    where
        upper(u1_0.username)=upper(?) 
    fetch
        first ? rows only
2025-11-22T16:40:49.362+08:00 DEBUG 19912 --- [           main] org.hibernate.SQL                        : 
    insert 
    into
        users
        (created_at, display_name, password_hash, role, username, id) 
    values
        (?, ?, ?, ?, ?, default)
2025-11-22T16:40:49.398+08:00 DEBUG 19912 --- [           main] org.hibernate.SQL                        : 
    select
        u1_0.id,
        u1_0.created_at,
        u1_0.display_name,
        u1_0.password_hash,
        u1_0.role,
        u1_0.username 
    from
        users u1_0 
    where
        upper(u1_0.username)=upper(?)
]]></system-out>
  </testcase>
  <testcase name="loginWithValidCredentialsReturnsUser" classname="com.fixhub.user.service.UserServiceTest" time="0.128">
    <system-out><![CDATA[2025-11-22T16:40:49.459+08:00 DEBUG 19912 --- [           main] org.hibernate.SQL                        : 
    select
        u1_0.id 
    from
        users u1_0 
    where
        upper(u1_0.username)=upper(?) 
    fetch
        first ? rows only
2025-11-22T16:40:49.512+08:00 DEBUG 19912 --- [           main] org.hibernate.SQL                        : 
    insert 
    into
        users
        (created_at, display_name, password_hash, role, username, id) 
    values
        (?, ?, ?, ?, ?, default)
2025-11-22T16:40:49.515+08:00 DEBUG 19912 --- [           main] org.hibernate.SQL                        : 
    select
        u1_0.id,
        u1_0.created_at,
        u1_0.display_name,
        u1_0.password_hash,
        u1_0.role,
        u1_0.username 
    from
        users u1_0 
    where
        upper(u1_0.username)=upper(?)
]]></system-out>
  </testcase>
  <testcase name="registerWithDuplicateUsernameThrowsException" classname="com.fixhub.user.service.UserServiceTest" time="0.061">
    <system-out><![CDATA[2025-11-22T16:40:49.590+08:00 DEBUG 19912 --- [           main] org.hibernate.SQL                        : 
    select
        u1_0.id 
    from
        users u1_0 
    where
        upper(u1_0.username)=upper(?) 
    fetch
        first ? rows only
2025-11-22T16:40:49.641+08:00 DEBUG 19912 --- [           main] org.hibernate.SQL                        : 
    insert 
    into
        users
        (created_at, display_name, password_hash, role, username, id) 
    values
        (?, ?, ?, ?, ?, default)
2025-11-22T16:40:49.644+08:00 DEBUG 19912 --- [           main] org.hibernate.SQL                        : 
    select
        u1_0.id 
    from
        users u1_0 
    where
        upper(u1_0.username)=upper(?) 
    fetch
        first ? rows only
]]></system-out>
  </testcase>
</testsuite>