<?xml version="1.0" encoding="UTF-8"?>
<testsuite xmlns:xsi="http://www.w3.org/2001/XMLSchema-instance" xsi:noNamespaceSchemaLocation="https://maven.apache.org/surefire/maven-surefire-plugin/xsd/surefire-test-report-3.0.xsd" version="3.0" name="com.fixhub.user.service.UserServiceTest" time="4.576" tests="4" errors="0" skipped="0" failures="0">
  <properties>
[...]
</properties>
  <testcase name="registerCreatesUserAndHashesPassword" classname="com.fixhub.user.service.UserServiceTest" time="0.633">
    <system-out><![CDATA[16:08:14.306 [main] INFO org.springframework.test.context.support.AnnotationConfigContextLoaderUtils -- Could not detect default configuration classes for test class [com.fixhub.user.service.UserServiceTest]: UserServiceTest does not declare any static, non-private, non-final, nested classes annotated with @Configuration.
16:08:14.388 [main] INFO org.springframework.boot.test.context.SpringBootTestContextBootstrapper -- Found @SpringBootConfiguration com.fixhub.FixHubApplication for test class com.fixhub.user.service.UserServiceTest

  .   ____          _            __ _ _
 /\\ / ___'_ __ _ _(_)_ __  __ _ \ \ \ \
( ( )\___ | '_ | '_| | '_ \/ _` | \ \ \ \
 \\/  ___)| |_)| | | | | || (_| |  ) ) ) )
  '  |____| .__|_| |_|_| |_\__, | / / / /
 =========|_|==============|___/=/_/_/_/
 :: Spring Boot ::                (v3.2.5)

2025-11-22T16:08:14.741+08:00  INFO 90528 --- [           main] c.fixhub.user.service.UserServiceTest    : Starting UserServiceTest using Java 17.0.11 with PID 90528 (started by zero in D:\CodeLearn\fixHub\fixhub-backend)
2025-11-22T16:08:14.742+08:00  INFO 90528 --- [           main] c.fixhub.user.service.UserServiceTest    : The following 1 profile is active: "test"
2025-11-22T16:08:15.307+08:00  INFO 90528 --- [           main] .s.d.r.c.RepositoryConfigurationDelegate : Bootstrapping Spring Data JPA repositories in DEFAULT mode.
2025-11-22T16:08:15.352+08:00  INFO 90528 --- [           main] .s.d.r.c.RepositoryConfigurationDelegate : Finished Spring Data repository scanning in 38 ms. Found 1 JPA repository interface.
2025-11-22T16:08:15.711+08:00  INFO 90528 --- [           main] o.hibernate.jpa.internal.util.LogHelper  : HHH000204: Processing PersistenceUnitInfo [name: default]
2025-11-22T16:08:15.771+08:00  INFO 90528 --- [           main] org.hibernate.Version                    : HHH000412: Hibernate ORM core version 6.4.4.Final
2025-11-22T16:08:15.805+08:00  INFO 90528 --- [           main] o.h.c.internal.RegionFactoryInitiator    : HHH000026: Second-level cache disabled
2025-11-22T16:08:16.080+08:00  INFO 90528 --- [           main] o.s.o.j.p.SpringPersistenceUnitInfo      : No LoadTimeWeaver setup: ignoring JPA class transformer
2025-11-22T16:08:16.103+08:00  INFO 90528 --- [           main] com.zaxxer.hikari.HikariDataSource       : HikariPool-1 - Starting...
2025-11-22T16:08:16.250+08:00  INFO 90528 --- [           main] com.zaxxer.hikari.pool.HikariPool        : HikariPool-1 - Added connection conn0: url=jdbc:h2:mem:fixhub user=SA
2025-11-22T16:08:16.252+08:00  INFO 90528 --- [           main] com.zaxxer.hikari.HikariDataSource       : HikariPool-1 - Start completed.
2025-11-22T16:08:16.914+08:00  INFO 90528 --- [           main] o.h.e.t.j.p.i.JtaPlatformInitiator       : HHH000489: No JTA platform available (set 'hibernate.transaction.jta.platform' to enable JTA platform integration)
2025-11-22T16:08:16.926+08:00 DEBUG 90528 --- [           main] org.hibernate.SQL                        : 
    drop table if exists users cascade 
2025-11-22T16:08:16.935+08:00 DEBUG 90528 --- [           main] org.hibernate.SQL                        : 
    create table users (
        created_at timestamp(6) with time zone not null,
        id bigint generated by default as identity,
        role varchar(20) not null check (role in ('REPORTER','TECHNICIAN','ADMIN')),
        username varchar(50) not null unique,
        display_name varchar(100),
        password_hash varchar(255) not null,
        primary key (id)
    )
2025-11-22T16:08:16.948+08:00  INFO 90528 --- [           main] j.LocalContainerEntityManagerFactoryBean : Initialized JPA EntityManagerFactory for persistence unit 'default'
2025-11-22T16:08:17.789+08:00  INFO 90528 --- [           main] c.fixhub.user.service.UserServiceTest    : Started UserServiceTest in 3.287 seconds (process running for 4.011)
2025-11-22T16:08:18.282+08:00 DEBUG 90528 --- [           main] org.hibernate.SQL                        : 
    select
        u1_0.id 
    from
        users u1_0 
    where
        upper(u1_0.username)=upper(?) 
    fetch
        first ? rows only
2025-11-22T16:08:18.375+08:00 DEBUG 90528 --- [           main] org.hibernate.SQL                        : 
    insert 
    into
        users
        (created_at, display_name, password_hash, role, username, id) 
    values
        (?, ?, ?, ?, ?, default)
]]></system-out>
  </testcase>
  <testcase name="loginWithInvalidPasswordThrowsException" classname="com.fixhub.user.service.UserServiceTest" time="0.143">
    <system-out><![CDATA[2025-11-22T16:08:18.446+08:00 DEBUG 90528 --- [           main] org.hibernate.SQL                        : 
    select
        u1_0.id 
    from
        users u1_0 
    where
        upper(u1_0.username)=upper(?) 
    fetch
        first ? rows only
2025-11-22T16:08:18.497+08:00 DEBUG 90528 --- [           main] org.hibernate.SQL                        : 
    insert 
    into
        users
        (created_at, display_name, password_hash, role, username, id) 
    values
        (?, ?, ?, ?, ?, default)
2025-11-22T16:08:18.529+08:00 DEBUG 90528 --- [           main] org.hibernate.SQL                        : 
    select
        u1_0.id,
        u1_0.created_at,
        u1_0.display_name,
        u1_0.password_hash,
        u1_0.role,
        u1_0.username 
    from
        users u1_0 
    where
        upper(u1_0.username)=upper(?)
]]></system-out>
  </testcase>
  <testcase name="loginWithValidCredentialsReturnsUser" classname="com.fixhub.user.service.UserServiceTest" time="0.107">
    <system-out><![CDATA[2025-11-22T16:08:18.591+08:00 DEBUG 90528 --- [           main] org.hibernate.SQL                        : 
    select
        u1_0.id 
    from
        users u1_0 
    where
        upper(u1_0.username)=upper(?) 
    fetch
        first ? rows only
2025-11-22T16:08:18.641+08:00 DEBUG 90528 --- [           main] org.hibernate.SQL                        : 
    insert 
    into
        users
        (created_at, display_name, password_hash, role, username, id) 
    values
        (?, ?, ?, ?, ?, default)
2025-11-22T16:08:18.644+08:00 DEBUG 90528 --- [           main] org.hibernate.SQL                        : 
    select
        u1_0.id,
        u1_0.created_at,
        u1_0.display_name,
        u1_0.password_hash,
        u1_0.role,
        u1_0.username 
    from
        users u1_0 
    where
        upper(u1_0.username)=upper(?)
]]></system-out>
  </testcase>
  <testcase name="registerWithDuplicateUsernameThrowsException" classname="com.fixhub.user.service.UserServiceTest" time="0.063">
    <system-out><![CDATA[2025-11-22T16:08:18.699+08:00 DEBUG 90528 --- [           main] org.hibernate.SQL                        : 
    select
        u1_0.id 
    from
        users u1_0 
    where
        upper(u1_0.username)=upper(?) 
    fetch
        first ? rows only
2025-11-22T16:08:18.752+08:00 DEBUG 90528 --- [           main] org.hibernate.SQL                        : 
    insert 
    into
        users
        (created_at, display_name, password_hash, role, username, id) 
    values
        (?, ?, ?, ?, ?, default)
2025-11-22T16:08:18.755+08:00 DEBUG 90528 --- [           main] org.hibernate.SQL                        : 
    select
        u1_0.id 
    from
        users u1_0 
    where
        upper(u1_0.username)=upper(?) 
    fetch
        first ? rows only
]]></system-out>
  </testcase>
</testsuite>